gyp info it worked if it ends with ok
gyp verb cli [ '/usr/local/Cellar/node/0.10.33/bin/node',
gyp verb cli   '/usr/local/lib/node_modules/npm/node_modules/node-gyp/bin/node-gyp.js',
gyp verb cli   'rebuild' ]
gyp info using node-gyp@3.0.3
gyp info using node@5.4.1 | darwin | x64
gyp verb command rebuild []
gyp verb command clean []
gyp verb clean removing "build" directory
gyp verb command configure []
gyp verb check python checking for Python executable "python2" in the PATH
gyp verb `which` failed Error: not found: python2
gyp verb `which` failed     at F (/usr/local/lib/node_modules/npm/node_modules/which/which.js:78:19)
gyp verb `which` failed     at E (/usr/local/lib/node_modules/npm/node_modules/which/which.js:82:29)
gyp verb `which` failed     at /usr/local/lib/node_modules/npm/node_modules/which/which.js:93:16
gyp verb `which` failed     at FSReqWrap.oncomplete (fs.js:82:15)
gyp verb `which` failed  python2 [Error: not found: python2]
gyp verb check python checking for Python executable "python" in the PATH
gyp verb `which` succeeded python /usr/bin/python
gyp verb check python version `python -c "import platform; print(platform.python_version());"` returned: "2.7.6\n"
gyp verb get node dir no --target version specified, falling back to host node version: 5.4.1
gyp verb command install [ '5.4.1' ]
gyp verb install input version string "5.4.1"
gyp verb install installing version: 5.4.1
gyp verb install --ensure was passed, so won't reinstall if already installed
gyp verb install version is already installed, need to check "installVersion"
gyp verb got "installVersion" 9
gyp verb needs "installVersion" 9
gyp verb install version is good
gyp verb get node dir target node version installed: 5.4.1
gyp verb build dir attempting to create "build" dir: /Users/thandomafela/workspace/grails/gw-crm/gw-crm-node/node_modules/mongoose/node_modules/bson/build
gyp verb build dir "build" dir needed to be created? /Users/thandomafela/workspace/grails/gw-crm/gw-crm-node/node_modules/mongoose/node_modules/bson/build
gyp verb build/config.gypi creating config file
gyp verb build/config.gypi writing out config file: /Users/thandomafela/workspace/grails/gw-crm/gw-crm-node/node_modules/mongoose/node_modules/bson/build/config.gypi
gyp verb config.gypi checking for gypi file: /Users/thandomafela/workspace/grails/gw-crm/gw-crm-node/node_modules/mongoose/node_modules/bson/config.gypi
gyp verb common.gypi checking for gypi file: /Users/thandomafela/workspace/grails/gw-crm/gw-crm-node/node_modules/mongoose/node_modules/bson/common.gypi
gyp verb gyp gyp format was not specified; forcing "make"
gyp info spawn python
gyp info spawn args [ '/usr/local/lib/node_modules/npm/node_modules/node-gyp/gyp/gyp_main.py',
gyp info spawn args   'binding.gyp',
gyp info spawn args   '-f',
gyp info spawn args   'make',
gyp info spawn args   '-I',
gyp info spawn args   '/Users/thandomafela/workspace/grails/gw-crm/gw-crm-node/node_modules/mongoose/node_modules/bson/build/config.gypi',
gyp info spawn args   '-I',
gyp info spawn args   '/usr/local/lib/node_modules/npm/node_modules/node-gyp/addon.gypi',
gyp info spawn args   '-I',
gyp info spawn args   '/Users/thandomafela/.node-gyp/5.4.1/include/node/common.gypi',
gyp info spawn args   '-Dlibrary=shared_library',
gyp info spawn args   '-Dvisibility=default',
gyp info spawn args   '-Dnode_root_dir=/Users/thandomafela/.node-gyp/5.4.1',
gyp info spawn args   '-Dnode_gyp_dir=/usr/local/lib/node_modules/npm/node_modules/node-gyp',
gyp info spawn args   '-Dnode_lib_file=node.lib',
gyp info spawn args   '-Dmodule_root_dir=/Users/thandomafela/workspace/grails/gw-crm/gw-crm-node/node_modules/mongoose/node_modules/bson',
gyp info spawn args   '--depth=.',
gyp info spawn args   '--no-parallel',
gyp info spawn args   '--generator-output',
gyp info spawn args   'build',
gyp info spawn args   '-Goutput_dir=.' ]
gyp verb command build []
gyp verb build type Release
gyp verb architecture x64
gyp verb node dev dir /Users/thandomafela/.node-gyp/5.4.1
gyp verb `which` succeeded for `make` /usr/bin/make
gyp info spawn make
gyp info spawn args [ 'V=1', 'BUILDTYPE=Release', '-C', 'build' ]
In file included from ../ext/bson.cc:35:
../ext/bson.h:56:51: error: unknown type name 'Arguments'; did you mean 'v8::internal::Arguments'?
        static Handle<Value> BSONDeserializeStream(const Arguments &args);
                                                         ^~~~~~~~~
                                                         v8::internal::Arguments
/Users/thandomafela/.node-gyp/5.4.1/include/node/v8.h:139:7: note: 'v8::internal::Arguments' declared here
class Arguments;
      ^
In file included from ../ext/bson.cc:35:
../ext/bson.h:59:43: error: unknown type name 'Arguments'; did you mean 'v8::internal::Arguments'?
        static Handle<Value> BSONSerialize(const Arguments &args);
                                                 ^~~~~~~~~
                                                 v8::internal::Arguments
/Users/thandomafela/.node-gyp/5.4.1/include/node/v8.h:139:7: note: 'v8::internal::Arguments' declared here
class Arguments;
      ^
In file included from ../ext/bson.cc:35:
../ext/bson.h:60:45: error: unknown type name 'Arguments'; did you mean 'v8::internal::Arguments'?
        static Handle<Value> BSONDeserialize(const Arguments &args);
                                                   ^~~~~~~~~
                                                   v8::internal::Arguments
/Users/thandomafela/.node-gyp/5.4.1/include/node/v8.h:139:7: note: 'v8::internal::Arguments' declared here
class Arguments;
      ^
In file included from ../ext/bson.cc:35:
../ext/bson.h:63:49: error: unknown type name 'Arguments'; did you mean 'v8::internal::Arguments'?
        static Handle<Value> CalculateObjectSize(const Arguments &args);
                                                       ^~~~~~~~~
                                                       v8::internal::Arguments
/Users/thandomafela/.node-gyp/5.4.1/include/node/v8.h:139:7: note: 'v8::internal::Arguments' declared here
class Arguments;
      ^
In file included from ../ext/bson.cc:35:
../ext/bson.h:64:57: error: unknown type name 'Arguments'; did you mean 'v8::internal::Arguments'?
        static Handle<Value> SerializeWithBufferAndIndex(const Arguments &args);
                                                               ^~~~~~~~~
                                                               v8::internal::Arguments
/Users/thandomafela/.node-gyp/5.4.1/include/node/v8.h:139:7: note: 'v8::internal::Arguments' declared here
class Arguments;
      ^
In file included from ../ext/bson.cc:35:
../ext/bson.h:70:33: error: unknown type name 'Arguments'; did you mean 'v8::internal::Arguments'?
        static Handle<Value> New(const Arguments &args);
                                       ^~~~~~~~~
                                       v8::internal::Arguments
/Users/thandomafela/.node-gyp/5.4.1/include/node/v8.h:139:7: note: 'v8::internal::Arguments' declared here
class Arguments;
      ^
../ext/bson.cc:203:14: error: no matching member function for call to 'Has'
                if(object->Has(bson->_bsontypeString))
                   ~~~~~~~~^~~
/Users/thandomafela/.node-gyp/5.4.1/include/node/v8.h:2662:47: note: candidate function not viable: no known conversion from 'Persistent<v8::String>' to 'Local<v8::Value>' for 1st argument
  V8_DEPRECATE_SOON("Use maybe version", bool Has(Local<Value> key));
                                              ^
/Users/thandomafela/.node-gyp/5.4.1/include/node/v8config.h:347:48: note: expanded from macro 'V8_DEPRECATE_SOON'
#define V8_DEPRECATE_SOON(message, declarator) declarator
                                               ^
/Users/thandomafela/.node-gyp/5.4.1/include/node/v8.h:2670:47: note: candidate function not viable: no known conversion from 'Persistent<v8::String>' to 'uint32_t' (aka 'unsigned int') for 1st argument
  V8_DEPRECATE_SOON("Use maybe version", bool Has(uint32_t index));
                                              ^
/Users/thandomafela/.node-gyp/5.4.1/include/node/v8config.h:347:48: note: expanded from macro 'V8_DEPRECATE_SOON'
#define V8_DEPRECATE_SOON(message, declarator) declarator
                                               ^
/Users/thandomafela/.node-gyp/5.4.1/include/node/v8.h:2663:37: note: candidate function not viable: requires 2 arguments, but 1 was provided
  V8_WARN_UNUSED_RESULT Maybe<bool> Has(Local<Context> context,
                                    ^
/Users/thandomafela/.node-gyp/5.4.1/include/node/v8.h:2671:37: note: candidate function not viable: requires 2 arguments, but 1 was provided
  V8_WARN_UNUSED_RESULT Maybe<bool> Has(Local<Context> context, uint32_t index);
                                    ^
../ext/bson.cc:206:23: error: member reference type 'Persistent<v8::String>' is not a pointer; maybe you meant to use '.'?
                        if(bson->longString->StrictEquals(constructorString))
                           ~~~~~~~~~~~~~~~~^~
                                           .
../ext/bson.cc:206:25: error: no member named 'StrictEquals' in 'v8::Persistent<v8::String, v8::NonCopyablePersistentTraits<v8::String> >'
                        if(bson->longString->StrictEquals(constructorString))
                           ~~~~~~~~~~~~~~~~  ^
../ext/bson.cc:212:33: error: member reference type 'Persistent<v8::String>' is not a pointer; maybe you meant to use '.'?
                        else if(bson->timestampString->StrictEquals(constructorString))
                                ~~~~~~~~~~~~~~~~~~~~~^~
                                                     .
../ext/bson.cc:212:35: error: no member named 'StrictEquals' in 'v8::Persistent<v8::String, v8::NonCopyablePersistentTraits<v8::String> >'
                        else if(bson->timestampString->StrictEquals(constructorString))
                                ~~~~~~~~~~~~~~~~~~~~~  ^
../ext/bson.cc:218:32: error: member reference type 'Persistent<v8::String>' is not a pointer; maybe you meant to use '.'?
                        else if(bson->objectIDString->StrictEquals(constructorString))
                                ~~~~~~~~~~~~~~~~~~~~^~
                                                    .
../ext/bson.cc:218:34: error: no member named 'StrictEquals' in 'v8::Persistent<v8::String, v8::NonCopyablePersistentTraits<v8::String> >'
                        else if(bson->objectIDString->StrictEquals(constructorString))
                                ~~~~~~~~~~~~~~~~~~~~  ^
../ext/bson.cc:223:30: error: member reference type 'Persistent<v8::String>' is not a pointer; maybe you meant to use '.'?
                        else if(bson->binaryString->StrictEquals(constructorString))
                                ~~~~~~~~~~~~~~~~~~^~
                                                  .
../ext/bson.cc:223:32: error: no member named 'StrictEquals' in 'v8::Persistent<v8::String, v8::NonCopyablePersistentTraits<v8::String> >'
                        else if(bson->binaryString->StrictEquals(constructorString))
                                ~~~~~~~~~~~~~~~~~~  ^
../ext/bson.cc:227:31: error: no matching member function for call to 'Get'
                                uint32_t length = object->Get(bson->_binaryPositionString)->Uint32Value();
                                                  ~~~~~~~~^~~
/Users/thandomafela/.node-gyp/5.4.1/include/node/v8.h:2636:55: note: candidate function not viable: no known conversion from 'Persistent<v8::String>' to 'Local<v8::Value>' for 1st argument
  V8_DEPRECATE_SOON("Use maybe version", Local<Value> Get(Local<Value> key));
                                                      ^
/Users/thandomafela/.node-gyp/5.4.1/include/node/v8config.h:347:48: note: expanded from macro 'V8_DEPRECATE_SOON'
#define V8_DEPRECATE_SOON(message, declarator) declarator
                                               ^
/Users/thandomafela/.node-gyp/5.4.1/include/node/v8.h:2640:55: note: candidate function not viable: no known conversion from 'Persistent<v8::String>' to 'uint32_t' (aka 'unsigned int') for 1st argument
  V8_DEPRECATE_SOON("Use maybe version", Local<Value> Get(uint32_t index));
                                                      ^
/Users/thandomafela/.node-gyp/5.4.1/include/node/v8config.h:347:48: note: expanded from macro 'V8_DEPRECATE_SOON'
#define V8_DEPRECATE_SOON(message, declarator) declarator
                                               ^
/Users/thandomafela/.node-gyp/5.4.1/include/node/v8.h:2637:43: note: candidate function not viable: requires 2 arguments, but 1 was provided
  V8_WARN_UNUSED_RESULT MaybeLocal<Value> Get(Local<Context> context,
                                          ^
/Users/thandomafela/.node-gyp/5.4.1/include/node/v8.h:2641:43: note: candidate function not viable: requires 2 arguments, but 1 was provided
  V8_WARN_UNUSED_RESULT MaybeLocal<Value> Get(Local<Context> context,
                                          ^
../ext/bson.cc:228:39: error: no matching member function for call to 'Get'
                                Local<Object> bufferObj = object->Get(bson->_binaryBufferString)->ToObject();
                                                          ~~~~~~~~^~~
/Users/thandomafela/.node-gyp/5.4.1/include/node/v8.h:2636:55: note: candidate function not viable: no known conversion from 'Persistent<v8::String>' to 'Local<v8::Value>' for 1st argument
  V8_DEPRECATE_SOON("Use maybe version", Local<Value> Get(Local<Value> key));
                                                      ^
/Users/thandomafela/.node-gyp/5.4.1/include/node/v8config.h:347:48: note: expanded from macro 'V8_DEPRECATE_SOON'
#define V8_DEPRECATE_SOON(message, declarator) declarator
                                               ^
/Users/thandomafela/.node-gyp/5.4.1/include/node/v8.h:2640:55: note: candidate function not viable: no known conversion from 'Persistent<v8::String>' to 'uint32_t' (aka 'unsigned int') for 1st argument
  V8_DEPRECATE_SOON("Use maybe version", Local<Value> Get(uint32_t index));
                                                      ^
/Users/thandomafela/.node-gyp/5.4.1/include/node/v8config.h:347:48: note: expanded from macro 'V8_DEPRECATE_SOON'
#define V8_DEPRECATE_SOON(message, declarator) declarator
                                               ^
/Users/thandomafela/.node-gyp/5.4.1/include/node/v8.h:2637:43: note: candidate function not viable: requires 2 arguments, but 1 was provided
  V8_WARN_UNUSED_RESULT MaybeLocal<Value> Get(Local<Context> context,
                                          ^
/Users/thandomafela/.node-gyp/5.4.1/include/node/v8.h:2641:43: note: candidate function not viable: requires 2 arguments, but 1 was provided
  V8_WARN_UNUSED_RESULT MaybeLocal<Value> Get(Local<Context> context,
                                          ^
../ext/bson.cc:233:16: error: no matching member function for call to 'Get'
                                if(object->Get(bson->_binarySubTypeString)->Int32Value() == 0x02) {
                                   ~~~~~~~~^~~
/Users/thandomafela/.node-gyp/5.4.1/include/node/v8.h:2636:55: note: candidate function not viable: no known conversion from 'Persistent<v8::String>' to 'Local<v8::Value>' for 1st argument
  V8_DEPRECATE_SOON("Use maybe version", Local<Value> Get(Local<Value> key));
                                                      ^
/Users/thandomafela/.node-gyp/5.4.1/include/node/v8config.h:347:48: note: expanded from macro 'V8_DEPRECATE_SOON'
#define V8_DEPRECATE_SOON(message, declarator) declarator
                                               ^
/Users/thandomafela/.node-gyp/5.4.1/include/node/v8.h:2640:55: note: candidate function not viable: no known conversion from 'Persistent<v8::String>' to 'uint32_t' (aka 'unsigned int') for 1st argument
  V8_DEPRECATE_SOON("Use maybe version", Local<Value> Get(uint32_t index));
                                                      ^
/Users/thandomafela/.node-gyp/5.4.1/include/node/v8config.h:347:48: note: expanded from macro 'V8_DEPRECATE_SOON'
#define V8_DEPRECATE_SOON(message, declarator) declarator
                                               ^
/Users/thandomafela/.node-gyp/5.4.1/include/node/v8.h:2637:43: note: candidate function not viable: requires 2 arguments, but 1 was provided
  V8_WARN_UNUSED_RESULT MaybeLocal<Value> Get(Local<Context> context,
                                          ^
/Users/thandomafela/.node-gyp/5.4.1/include/node/v8.h:2641:43: note: candidate function not viable: requires 2 arguments, but 1 was provided
  V8_WARN_UNUSED_RESULT MaybeLocal<Value> Get(Local<Context> context,
                                          ^
../ext/bson.cc:239:30: error: member reference type 'Persistent<v8::String>' is not a pointer; maybe you meant to use '.'?
                        else if(bson->doubleString->StrictEquals(constructorString))
                                ~~~~~~~~~~~~~~~~~~^~
                                                  .
fatal error: too many errors emitted, stopping now [-ferror-limit=]
20 errors generated.
make: *** [Release/obj.target/bson/ext/bson.o] Error 1
gyp ERR! build error 
gyp ERR! stack Error: `make` failed with exit code: 2
gyp ERR! stack     at ChildProcess.onExit (/usr/local/lib/node_modules/npm/node_modules/node-gyp/lib/build.js:270:23)
gyp ERR! stack     at emitTwo (events.js:87:13)
gyp ERR! stack     at ChildProcess.emit (events.js:172:7)
gyp ERR! stack     at Process.ChildProcess._handle.onexit (internal/child_process.js:200:12)
gyp ERR! System Darwin 14.0.0
gyp ERR! command "/usr/local/Cellar/node/0.10.33/bin/node" "/usr/local/lib/node_modules/npm/node_modules/node-gyp/bin/node-gyp.js" "rebuild"
gyp ERR! cwd /Users/thandomafela/workspace/grails/gw-crm/gw-crm-node/node_modules/mongoose/node_modules/bson
gyp ERR! node -v v5.4.1
gyp ERR! node-gyp -v v3.0.3
gyp ERR! not ok 
