gyp info it worked if it ends with ok
gyp verb cli [ '/usr/local/Cellar/node/0.10.33/bin/node',
gyp verb cli   '/usr/local/lib/node_modules/npm/node_modules/node-gyp/bin/node-gyp.js',
gyp verb cli   'rebuild' ]
gyp info using node-gyp@3.0.3
gyp info using node@5.4.1 | darwin | x64
gyp verb command rebuild []
gyp verb command clean []
gyp verb clean removing "build" directory
gyp verb command configure []
gyp verb check python checking for Python executable "python2" in the PATH
gyp verb `which` failed Error: not found: python2
gyp verb `which` failed     at F (/usr/local/lib/node_modules/npm/node_modules/which/which.js:78:19)
gyp verb `which` failed     at E (/usr/local/lib/node_modules/npm/node_modules/which/which.js:82:29)
gyp verb `which` failed     at /usr/local/lib/node_modules/npm/node_modules/which/which.js:93:16
gyp verb `which` failed     at FSReqWrap.oncomplete (fs.js:82:15)
gyp verb `which` failed  python2 [Error: not found: python2]
gyp verb check python checking for Python executable "python" in the PATH
gyp verb `which` succeeded python /usr/bin/python
gyp verb check python version `python -c "import platform; print(platform.python_version());"` returned: "2.7.6\n"
gyp verb get node dir no --target version specified, falling back to host node version: 5.4.1
gyp verb command install [ '5.4.1' ]
gyp verb install input version string "5.4.1"
gyp verb install installing version: 5.4.1
gyp verb install --ensure was passed, so won't reinstall if already installed
gyp verb install version is already installed, need to check "installVersion"
gyp verb got "installVersion" 9
gyp verb needs "installVersion" 9
gyp verb install version is good
gyp verb get node dir target node version installed: 5.4.1
gyp verb build dir attempting to create "build" dir: /Users/thandomafela/workspace/grails/gw-crm/gw-crm-node/node_modules/kerberos/build
gyp verb build dir "build" dir needed to be created? /Users/thandomafela/workspace/grails/gw-crm/gw-crm-node/node_modules/kerberos/build
gyp verb build/config.gypi creating config file
gyp verb build/config.gypi writing out config file: /Users/thandomafela/workspace/grails/gw-crm/gw-crm-node/node_modules/kerberos/build/config.gypi
gyp verb config.gypi checking for gypi file: /Users/thandomafela/workspace/grails/gw-crm/gw-crm-node/node_modules/kerberos/config.gypi
gyp verb common.gypi checking for gypi file: /Users/thandomafela/workspace/grails/gw-crm/gw-crm-node/node_modules/kerberos/common.gypi
gyp verb gyp gyp format was not specified; forcing "make"
gyp info spawn python
gyp info spawn args [ '/usr/local/lib/node_modules/npm/node_modules/node-gyp/gyp/gyp_main.py',
gyp info spawn args   'binding.gyp',
gyp info spawn args   '-f',
gyp info spawn args   'make',
gyp info spawn args   '-I',
gyp info spawn args   '/Users/thandomafela/workspace/grails/gw-crm/gw-crm-node/node_modules/kerberos/build/config.gypi',
gyp info spawn args   '-I',
gyp info spawn args   '/usr/local/lib/node_modules/npm/node_modules/node-gyp/addon.gypi',
gyp info spawn args   '-I',
gyp info spawn args   '/Users/thandomafela/.node-gyp/5.4.1/include/node/common.gypi',
gyp info spawn args   '-Dlibrary=shared_library',
gyp info spawn args   '-Dvisibility=default',
gyp info spawn args   '-Dnode_root_dir=/Users/thandomafela/.node-gyp/5.4.1',
gyp info spawn args   '-Dnode_gyp_dir=/usr/local/lib/node_modules/npm/node_modules/node-gyp',
gyp info spawn args   '-Dnode_lib_file=node.lib',
gyp info spawn args   '-Dmodule_root_dir=/Users/thandomafela/workspace/grails/gw-crm/gw-crm-node/node_modules/kerberos',
gyp info spawn args   '--depth=.',
gyp info spawn args   '--no-parallel',
gyp info spawn args   '--generator-output',
gyp info spawn args   'build',
gyp info spawn args   '-Goutput_dir=.' ]
gyp verb command build []
gyp verb build type Release
gyp verb architecture x64
gyp verb node dev dir /Users/thandomafela/.node-gyp/5.4.1
gyp verb `which` succeeded for `make` /usr/bin/make
gyp info spawn make
gyp info spawn args [ 'V=1', 'BUILDTYPE=Release', '-C', 'build' ]
In file included from ../lib/kerberos.cc:1:
../lib/kerberos.h:32:48: error: unknown type name 'Arguments'; did you mean 'v8::internal::Arguments'?
  static Handle<Value> AuthGSSClientInit(const Arguments &args);
                                               ^~~~~~~~~
                                               v8::internal::Arguments
/Users/thandomafela/.node-gyp/5.4.1/include/node/v8.h:139:7: note: 'v8::internal::Arguments' declared here
class Arguments;
      ^
In file included from ../lib/kerberos.cc:1:
../lib/kerberos.h:33:48: error: unknown type name 'Arguments'; did you mean 'v8::internal::Arguments'?
  static Handle<Value> AuthGSSClientStep(const Arguments &args);
                                               ^~~~~~~~~
                                               v8::internal::Arguments
/Users/thandomafela/.node-gyp/5.4.1/include/node/v8.h:139:7: note: 'v8::internal::Arguments' declared here
class Arguments;
      ^
In file included from ../lib/kerberos.cc:1:
../lib/kerberos.h:34:50: error: unknown type name 'Arguments'; did you mean 'v8::internal::Arguments'?
  static Handle<Value> AuthGSSClientUnwrap(const Arguments &args);
                                                 ^~~~~~~~~
                                                 v8::internal::Arguments
/Users/thandomafela/.node-gyp/5.4.1/include/node/v8.h:139:7: note: 'v8::internal::Arguments' declared here
class Arguments;
      ^
In file included from ../lib/kerberos.cc:1:
../lib/kerberos.h:35:48: error: unknown type name 'Arguments'; did you mean 'v8::internal::Arguments'?
  static Handle<Value> AuthGSSClientWrap(const Arguments &args);
                                               ^~~~~~~~~
                                               v8::internal::Arguments
/Users/thandomafela/.node-gyp/5.4.1/include/node/v8.h:139:7: note: 'v8::internal::Arguments' declared here
class Arguments;
      ^
In file included from ../lib/kerberos.cc:1:
../lib/kerberos.h:36:49: error: unknown type name 'Arguments'; did you mean 'v8::internal::Arguments'?
  static Handle<Value> AuthGSSClientClean(const Arguments &args);
                                                ^~~~~~~~~
                                                v8::internal::Arguments
/Users/thandomafela/.node-gyp/5.4.1/include/node/v8.h:139:7: note: 'v8::internal::Arguments' declared here
class Arguments;
      ^
In file included from ../lib/kerberos.cc:1:
../lib/kerberos.h:39:34: error: unknown type name 'Arguments'; did you mean 'v8::internal::Arguments'?
  static Handle<Value> New(const Arguments &args);  
                                 ^~~~~~~~~
                                 v8::internal::Arguments
/Users/thandomafela/.node-gyp/5.4.1/include/node/v8.h:139:7: note: 'v8::internal::Arguments' declared here
class Arguments;
      ^
In file included from ../lib/kerberos.cc:1:
../lib/kerberos.h:42:23: error: unknown type name 'uv_work_t'
  static void Process(uv_work_t* work_req);
                      ^
../lib/kerberos.h:44:21: error: unknown type name 'uv_work_t'
  static void After(uv_work_t* work_req);
                    ^
In file included from ../lib/kerberos.cc:3:
../lib/worker.h:17:5: error: unknown type name 'uv_work_t'
    uv_work_t request;
    ^
In file included from ../lib/kerberos.cc:4:
../lib/kerberos_context.h:44:34: error: unknown type name 'Arguments'; did you mean 'v8::internal::Arguments'?
  static Handle<Value> New(const Arguments &args);  
                                 ^~~~~~~~~
                                 v8::internal::Arguments
/Users/thandomafela/.node-gyp/5.4.1/include/node/v8.h:139:7: note: 'v8::internal::Arguments' declared here
class Arguments;
      ^
In file included from ../lib/kerberos.cc:4:
../lib/kerberos_context.h:46:69: error: unknown type name 'AccessorInfo'
  static Handle<Value> ResponseGetter(Local<String> property, const AccessorInfo& info);  
                                                                    ^
../lib/kerberos_context.h:28:32: error: member reference type 'Persistent<v8::FunctionTemplate>' is not a pointer; maybe you meant to use '.'?
    return constructor_template->HasInstance(obj);
           ~~~~~~~~~~~~~~~~~~~~^~
                               .
../lib/kerberos_context.h:28:34: error: no member named 'HasInstance' in 'v8::Persistent<v8::FunctionTemplate, v8::NonCopyablePersistentTraits<v8::FunctionTemplate> >'
    return constructor_template->HasInstance(obj);
           ~~~~~~~~~~~~~~~~~~~~  ^
../lib/kerberos.cc:40:15: error: calling a protected constructor of class 'v8::HandleScope'
  HandleScope scope;
              ^
/Users/thandomafela/.node-gyp/5.4.1/include/node/v8.h:889:13: note: declared protected here
  V8_INLINE HandleScope() {}
            ^
../lib/kerberos.cc:41:42: error: no member named 'New' in 'v8::String'; did you mean 'KerberosContext::New'?
  return ThrowException(Exception::Error(String::New(msg)));
                                         ^~~~~~~~~~~
                                         KerberosContext::New
../lib/kerberos_context.h:38:27: note: 'KerberosContext::New' declared here
  static KerberosContext* New();
                          ^
../lib/kerberos.cc:41:54: error: too many arguments to function call, expected 0, have 1
  return ThrowException(Exception::Error(String::New(msg)));
                                         ~~~~~~~~~~~ ^~~
../lib/kerberos_context.h:38:3: note: 'New' declared here
  static KerberosContext* New();
  ^
../lib/kerberos.cc:49:15: error: calling a protected constructor of class 'v8::HandleScope'
  HandleScope scope;
              ^
/Users/thandomafela/.node-gyp/5.4.1/include/node/v8.h:889:13: note: declared protected here
  V8_INLINE HandleScope() {}
            ^
../lib/kerberos.cc:51:53: error: cannot initialize a parameter of type 'v8::Isolate *' with an lvalue of type 'Handle<v8::Value> (const v8::internal::Arguments &)'
  Local<FunctionTemplate> t = FunctionTemplate::New(Kerberos::New);
                                                    ^~~~~~~~~~~~~
/Users/thandomafela/.node-gyp/5.4.1/include/node/v8.h:4349:16: note: passing argument to parameter 'isolate' here
      Isolate* isolate, FunctionCallback callback = 0,
               ^
../lib/kerberos.cc:52:56: error: 'New' is a private member of 'v8::PersistentBase<v8::FunctionTemplate>'
  constructor_template = Persistent<FunctionTemplate>::New(t);
                                                       ^
/Users/thandomafela/.node-gyp/5.4.1/include/node/v8.h:643:23: note: declared private here
  V8_INLINE static T* New(Isolate* isolate, T* that);
                      ^
fatal error: too many errors emitted, stopping now [-ferror-limit=]
20 errors generated.
make: *** [Release/obj.target/kerberos/lib/kerberos.o] Error 1
gyp ERR! build error 
gyp ERR! stack Error: `make` failed with exit code: 2
gyp ERR! stack     at ChildProcess.onExit (/usr/local/lib/node_modules/npm/node_modules/node-gyp/lib/build.js:270:23)
gyp ERR! stack     at emitTwo (events.js:87:13)
gyp ERR! stack     at ChildProcess.emit (events.js:172:7)
gyp ERR! stack     at Process.ChildProcess._handle.onexit (internal/child_process.js:200:12)
gyp ERR! System Darwin 14.0.0
gyp ERR! command "/usr/local/Cellar/node/0.10.33/bin/node" "/usr/local/lib/node_modules/npm/node_modules/node-gyp/bin/node-gyp.js" "rebuild"
gyp ERR! cwd /Users/thandomafela/workspace/grails/gw-crm/gw-crm-node/node_modules/kerberos
gyp ERR! node -v v5.4.1
gyp ERR! node-gyp -v v3.0.3
gyp ERR! not ok 
